<?xml version="1.0" ?>
<coverage version="7.6.9" timestamp="1734600100321" lines-valid="10" lines-covered="8" line-rate="0.8" branches-covered="0" branches-valid="0" branch-rate="0" complexity="0">
	<!-- Generated by coverage.py: https://coverage.readthedocs.io/en/7.6.9 -->
	<!-- Based on https://raw.githubusercontent.com/cobertura/web/master/htdocs/xml/coverage-04.dtd -->
	<sources>
		<source>/workspaces/coverage_badge/my-python-app/src</source>
	</sources>
	<packages>
		<package name="." line-rate="0.8" branch-rate="0" complexity="0">
			<classes>
				<class name="__init__.py" filename="__init__.py" complexity="0" line-rate="1" branch-rate="0">
					<methods/>
					<lines/>
				</class>
				<class name="app.py" filename="app.py" complexity="0" line-rate="0.8333" branch-rate="0">
					<methods/>
					<lines>
						<line number="1" hits="1"/>
						<line number="2" hits="1"/>
						<line number="4" hits="1"/>
						<line number="5" hits="1"/>
						<line number="7" hits="1"/>
						<line number="8" hits="0"/>
					</lines>
				</class>
				<class name="utils.py" filename="utils.py" complexity="0" line-rate="0.75" branch-rate="0">
					<methods/>
					<lines>
						<line number="2" hits="1"/>
						<line number="3" hits="1"/>
						<line number="5" hits="1"/>
						<line number="6" hits="0"/>
					</lines>
				</class>
			</classes>
		</package>
	</packages>
</coverage>
